<?xml version="1.0" encoding="UTF-8"?>
<!-- Generated by org.testng.reporters.JUnitXMLReporter -->
<testsuite hostname="DESKTOP-QIFEVD6" ignored="2" name="Regression1" tests="2" failures="0" timestamp="2020-03-28T10:05:38 AEDT" time="26.536" errors="0">
  <testcase name="clickOnCarTest" time="0.461" classname="com.ozbargain.qa.testcases.HomePageTest"/>
  <testcase name="navigateToCarHirePage" time="4.906" classname="com.ozbargain.qa.testcases.HomePageTest"/>
  <testcase name="@AfterTest tearDown" time="0.0" classname="com.ozbargain.qa.base.TestBase">
    <ignored/>
  </testcase> <!-- @AfterTest tearDown -->
  <testcase name="@BeforeTest initialization" time="0.0" classname="com.ozbargain.qa.base.TestBase">
    <ignored/>
  </testcase> <!-- @BeforeTest initialization -->
</testsuite> <!-- Regression1 -->
